TN:
SF:/home/lafhis/Desktop/tesis/ours/echidna/uniswap/libraries/LiquidityMath.sol
DA:5,0
end_of_record

SF:/home/lafhis/Desktop/tesis/ours/echidna/uniswap/libraries/LowGasSafeMath.sol
DA:6,0
end_of_record

SF:/home/lafhis/Desktop/tesis/ours/echidna/uniswap/libraries/SafeCast.sol
DA:6,0
end_of_record

SF:/home/lafhis/Desktop/tesis/ours/echidna/uniswap/libraries/Tick.sol
DA:12,0
DA:44,1
DA:45,1
DA:46,1
DA:47,1
DA:48,1
end_of_record

SF:/home/lafhis/Desktop/tesis/ours/echidna/uniswap/libraries/TickMath.sol
DA:7,0
DA:9,1
DA:11,1
end_of_record

SF:/home/lafhis/Desktop/tesis/ours/echidna/uniswap/test/TickEchidnaTest.sol
DA:6,1
DA:7,1
DA:8,1
DA:9,1
DA:11,1
DA:12,1
DA:14,1
DA:17,1
DA:19,1
DA:21,1
DA:23,1
DA:25,1
end_of_record

