TN:
SF:/home/lafhis/Desktop/tesis/ours/echidna/uniswap/libraries/LiquidityMath.sol
DA:5,0
DA:10,1
DA:11,1
DA:12,2
DA:14,1
end_of_record

SF:/home/lafhis/Desktop/tesis/ours/echidna/uniswap/libraries/LowGasSafeMath.sol
DA:6,0
DA:35,1
DA:36,1
DA:43,1
DA:44,1
end_of_record

SF:/home/lafhis/Desktop/tesis/ours/echidna/uniswap/libraries/SafeCast.sol
DA:6,0
DA:17,1
DA:18,1
end_of_record

SF:/home/lafhis/Desktop/tesis/ours/echidna/uniswap/libraries/Tick.sol
DA:12,0
DA:110,1
DA:122,1
DA:123,1
DA:125,1
DA:126,1
DA:128,1
DA:130,1
DA:132,1
DA:134,1
DA:135,1
DA:136,1
DA:137,1
DA:138,1
DA:139,1
DA:141,1
DA:144,1
DA:147,1
DA:148,1
DA:149,1
DA:155,0
DA:156,0
DA:168,1
DA:176,1
DA:177,1
DA:178,1
DA:179,1
DA:180,1
DA:181,1
DA:182,1
DA:183,1
end_of_record

SF:/home/lafhis/Desktop/tesis/ours/echidna/uniswap/libraries/TickMath.sol
DA:7,0
end_of_record

SF:/home/lafhis/Desktop/tesis/ours/echidna/uniswap/test/TickOverflowSafetyEchidnaTest.sol
DA:6,1
DA:9,1
DA:10,1
DA:11,1
DA:14,0
DA:17,0
DA:19,0
DA:20,0
DA:22,0
DA:23,0
DA:25,1
DA:26,1
DA:27,1
DA:28,1
DA:31,1
DA:32,1
DA:33,1
DA:34,1
DA:37,1
DA:42,1
DA:43,1
DA:44,1
DA:45,1
DA:46,1
DA:47,1
DA:48,1
DA:49,1
DA:50,1
DA:51,1
DA:52,1
DA:53,1
DA:54,1
DA:55,1
DA:58,1
DA:59,1
DA:60,1
DA:61,1
DA:62,1
DA:63,1
DA:64,1
DA:65,1
DA:66,1
DA:67,1
DA:68,1
DA:72,1
DA:73,1
DA:74,0
DA:75,0
DA:76,1
DA:79,1
DA:80,1
DA:81,0
DA:82,0
DA:83,1
DA:86,1
DA:88,1
DA:90,1
DA:91,1
DA:92,1
DA:96,1
DA:97,1
DA:98,1
DA:99,1
DA:100,1
DA:101,1
DA:102,1
DA:103,1
DA:105,1
DA:106,1
DA:107,1
end_of_record

