TN:
SF:/home/lafhis/Desktop/tesis/ours/echidna/generated-mazes/maze-4.sol
DA:3,1
DA:5,0
DA:6,0
DA:7,0
DA:8,0
DA:9,0
DA:10,0
DA:11,0
DA:12,0
DA:13,0
DA:14,0
DA:15,0
DA:16,0
DA:17,0
DA:18,0
DA:19,0
DA:20,0
DA:21,0
DA:22,0
DA:23,0
DA:24,0
DA:25,0
DA:26,0
DA:27,0
DA:28,0
DA:29,0
DA:30,0
DA:31,0
DA:32,0
DA:33,0
DA:34,0
DA:35,0
DA:36,0
DA:37,0
DA:38,0
DA:39,0
DA:40,0
DA:41,0
DA:42,0
DA:43,0
DA:44,0
DA:45,0
DA:46,0
DA:47,0
DA:48,0
DA:49,0
DA:50,0
DA:51,0
DA:52,0
DA:55,1
DA:56,1
DA:57,1
DA:58,1
DA:59,1
DA:61,1
DA:62,1
DA:63,1
DA:64,1
DA:65,1
DA:67,1
DA:68,1
DA:69,1
DA:70,1
DA:71,1
DA:73,1
DA:74,1
DA:75,1
DA:76,1
DA:77,1
DA:79,1
DA:81,1
DA:83,1
DA:85,1
DA:86,1
DA:87,1
DA:88,1
DA:89,1
DA:90,1
DA:91,1
DA:92,1
DA:93,1
DA:94,1
DA:95,1
DA:96,0
DA:97,0
DA:98,0
DA:99,0
DA:100,0
DA:101,0
DA:117,1
DA:119,1
DA:120,1
DA:121,1
DA:122,1
DA:123,0
DA:124,0
DA:125,0
DA:126,0
DA:133,1
DA:135,1
DA:136,1
DA:137,1
DA:138,1
DA:139,1
DA:140,1
DA:141,1
DA:142,1
DA:143,1
DA:144,1
DA:145,1
DA:146,0
DA:147,0
DA:148,0
DA:149,0
DA:150,0
DA:151,0
DA:167,1
DA:169,1
DA:170,2
DA:171,0
DA:173,1
DA:174,1
DA:175,1
DA:176,1
DA:179,1
DA:181,1
DA:182,1
DA:183,1
DA:184,1
DA:187,1
DA:189,1
DA:190,2
DA:191,0
DA:193,1
DA:194,1
DA:195,0
DA:196,0
DA:199,1
DA:201,1
DA:202,2
DA:203,0
DA:205,1
DA:206,1
DA:207,1
DA:208,1
DA:211,1
DA:213,1
DA:214,1
DA:215,1
DA:216,1
DA:217,1
DA:221,1
DA:223,1
DA:224,1
DA:225,1
DA:226,1
DA:227,1
DA:228,1
DA:229,1
DA:230,1
DA:231,1
DA:232,1
DA:233,1
DA:234,1
DA:235,0
DA:236,0
DA:237,0
DA:238,0
DA:239,0
DA:240,0
DA:257,1
DA:259,1
DA:260,1
DA:261,1
DA:262,1
DA:263,1
DA:264,0
DA:265,0
DA:266,0
DA:267,0
DA:268,0
DA:269,0
DA:270,0
DA:271,0
DA:272,0
DA:273,0
DA:274,0
DA:289,1
DA:291,1
DA:292,2
DA:293,0
DA:295,1
DA:296,2
DA:297,0
DA:299,1
DA:300,1
DA:301,1
DA:302,1
DA:303,1
DA:304,1
DA:305,1
DA:306,0
DA:307,0
DA:308,0
DA:309,0
DA:310,0
DA:311,0
DA:312,0
DA:313,0
DA:314,0
DA:329,1
DA:331,1
DA:332,1
DA:333,1
DA:334,0
DA:337,1
DA:339,1
DA:340,1
DA:341,1
DA:342,1
DA:343,0
DA:344,0
DA:345,0
DA:346,0
DA:347,0
DA:348,0
DA:349,0
DA:350,0
DA:351,0
DA:352,0
DA:353,0
DA:354,0
DA:355,0
DA:356,0
DA:373,1
DA:375,1
DA:376,1
DA:377,1
DA:378,1
DA:379,1
DA:380,1
DA:381,0
DA:382,0
DA:383,0
DA:384,0
DA:385,0
DA:386,0
DA:387,0
DA:388,0
DA:389,0
DA:390,0
DA:391,0
DA:407,1
DA:409,1
DA:410,2
DA:411,0
DA:413,1
DA:414,1
DA:415,1
DA:416,1
DA:417,0
DA:418,0
DA:419,0
DA:420,0
DA:421,0
DA:422,0
DA:423,0
DA:424,0
DA:425,0
DA:426,0
DA:427,0
DA:428,0
DA:429,0
DA:445,1
DA:447,1
DA:448,1
DA:449,1
DA:450,1
DA:451,1
DA:452,1
DA:457,1
DA:459,1
DA:460,1
DA:461,1
DA:462,1
DA:463,1
DA:464,0
DA:465,0
DA:466,0
DA:473,1
DA:475,1
DA:476,1
DA:477,1
DA:478,1
DA:479,1
DA:480,1
DA:481,1
DA:482,1
DA:483,1
DA:484,1
DA:485,1
DA:486,1
DA:487,1
DA:488,1
DA:501,1
DA:503,1
DA:504,1
DA:505,1
DA:506,1
DA:507,1
DA:508,1
DA:509,1
DA:510,1
DA:511,0
DA:512,0
DA:513,0
DA:514,0
DA:515,0
DA:516,0
DA:517,0
DA:531,1
DA:533,1
DA:534,1
DA:535,1
DA:536,1
DA:537,1
DA:538,1
DA:539,1
DA:540,0
DA:541,0
DA:542,0
DA:543,0
DA:544,0
DA:545,0
DA:557,1
DA:559,1
DA:560,1
DA:561,1
DA:562,1
DA:563,1
DA:567,1
DA:569,1
DA:570,1
DA:571,1
DA:572,1
DA:573,1
DA:574,1
DA:575,1
DA:581,1
DA:583,1
DA:584,1
DA:585,1
DA:586,0
DA:587,0
DA:588,0
DA:589,0
DA:590,0
DA:591,0
DA:592,0
DA:593,0
DA:594,0
DA:595,0
DA:596,0
DA:597,0
DA:598,0
DA:599,0
DA:615,1
DA:617,1
DA:618,1
DA:619,1
DA:620,1
DA:621,1
DA:622,1
DA:623,1
DA:624,1
DA:625,0
DA:626,0
DA:627,0
DA:628,0
DA:629,0
DA:630,0
DA:631,0
DA:632,0
DA:647,1
DA:649,1
DA:650,1
DA:651,1
DA:652,1
DA:653,1
DA:654,0
DA:655,0
DA:656,0
DA:657,0
DA:658,0
DA:667,1
DA:669,1
DA:670,1
DA:671,1
DA:672,1
DA:673,1
DA:674,1
DA:679,1
DA:681,1
DA:682,1
DA:683,1
DA:684,1
DA:685,1
DA:686,1
DA:687,1
DA:693,1
DA:695,1
DA:696,1
DA:697,1
DA:698,1
DA:699,1
DA:700,1
DA:701,1
DA:702,0
DA:703,0
DA:704,0
DA:705,0
DA:706,0
DA:707,0
DA:708,0
DA:709,0
DA:710,0
DA:725,1
DA:727,1
DA:728,1
DA:729,1
DA:730,1
DA:731,1
DA:732,0
DA:733,0
DA:734,0
DA:735,0
DA:736,0
DA:737,0
DA:738,0
DA:739,0
DA:740,0
DA:741,0
DA:742,0
DA:757,1
DA:759,1
DA:760,1
DA:761,1
DA:762,1
DA:765,1
DA:767,1
DA:768,1
DA:769,1
DA:770,1
DA:771,1
DA:772,1
DA:773,1
DA:774,1
DA:781,1
DA:783,1
DA:784,1
DA:785,1
DA:786,1
DA:787,1
DA:788,1
DA:789,1
DA:790,1
DA:791,1
DA:792,1
DA:793,0
DA:803,1
DA:805,1
DA:806,1
DA:807,1
DA:808,1
DA:809,1
DA:810,0
DA:811,0
DA:812,0
DA:813,0
DA:814,0
DA:823,1
DA:825,1
DA:826,1
DA:827,1
DA:828,1
DA:829,0
DA:830,0
DA:831,0
DA:832,0
DA:833,0
DA:841,1
DA:843,1
DA:844,1
DA:845,1
DA:846,1
DA:847,1
DA:851,1
DA:853,1
DA:854,2
DA:855,0
DA:857,1
DA:858,1
DA:859,1
DA:860,1
DA:861,1
DA:862,1
DA:863,1
DA:864,1
DA:871,1
DA:873,1
DA:874,1
DA:875,1
DA:876,0
DA:877,0
DA:878,0
DA:879,0
DA:880,0
DA:881,0
DA:882,0
DA:883,0
DA:884,0
DA:885,0
DA:886,0
DA:899,1
DA:901,1
DA:902,1
DA:903,1
DA:904,1
DA:907,1
DA:909,1
DA:910,1
DA:911,1
DA:912,0
DA:913,0
DA:914,0
DA:919,1
DA:921,1
DA:922,1
DA:923,1
DA:924,1
DA:925,0
DA:926,0
DA:927,0
DA:928,0
DA:929,0
DA:930,0
DA:931,0
DA:932,0
DA:933,0
DA:934,0
DA:947,1
DA:949,1
DA:950,1
DA:951,1
DA:952,1
DA:953,1
DA:954,0
DA:955,0
DA:956,0
DA:957,0
DA:965,1
DA:967,0
DA:971,0
DA:972,0
DA:974,0
DA:975,0
DA:977,0
DA:978,0
DA:980,0
DA:981,0
DA:983,0
DA:984,0
DA:986,0
DA:987,0
DA:989,0
DA:990,0
DA:992,0
DA:993,0
DA:995,0
DA:996,0
DA:998,0
DA:999,0
DA:1001,0
DA:1002,0
DA:1004,0
DA:1005,0
DA:1007,0
DA:1008,0
DA:1010,0
DA:1011,0
DA:1013,0
DA:1014,0
DA:1016,0
DA:1017,0
DA:1019,0
DA:1020,0
DA:1022,0
DA:1023,0
DA:1025,0
DA:1026,0
DA:1028,0
DA:1029,0
DA:1031,0
DA:1032,0
DA:1034,0
DA:1035,0
DA:1037,0
DA:1038,0
DA:1040,0
DA:1041,0
DA:1043,0
DA:1044,0
DA:1046,0
DA:1047,0
DA:1049,0
DA:1050,0
DA:1052,0
DA:1053,0
DA:1055,0
DA:1056,0
DA:1058,0
DA:1059,0
DA:1061,0
DA:1062,0
DA:1064,0
DA:1065,0
DA:1067,0
DA:1068,0
DA:1070,0
DA:1071,0
DA:1073,0
DA:1074,0
DA:1076,0
DA:1077,0
DA:1079,0
DA:1080,0
DA:1082,0
DA:1083,0
DA:1085,0
DA:1086,0
DA:1088,0
DA:1089,0
DA:1091,0
DA:1092,0
DA:1094,0
DA:1095,0
DA:1097,0
DA:1098,0
DA:1100,0
DA:1101,0
DA:1103,0
DA:1104,0
DA:1106,0
DA:1107,0
DA:1109,0
DA:1110,0
DA:1112,0
DA:1113,0
end_of_record

