TN:
SF:/home/lafhis/Desktop/tesis/ours/echidna/uniswap/libraries/FixedPoint96.sol
DA:7,0
DA:8,1
DA:9,1
end_of_record

SF:/home/lafhis/Desktop/tesis/ours/echidna/uniswap/libraries/FullMath.sol
DA:7,0
DA:14,1
DA:18,1
DA:24,1
DA:25,1
DA:26,1
DA:27,1
DA:28,1
DA:29,1
DA:33,1
DA:34,1
DA:36,1
DA:38,1
DA:43,1
DA:51,1
DA:53,1
DA:57,1
DA:58,1
DA:64,1
DA:67,1
DA:72,1
DA:78,1
DA:80,1
DA:87,1
DA:91,1
DA:92,1
DA:93,1
DA:94,1
DA:95,1
DA:96,1
DA:104,1
DA:105,1
DA:113,1
DA:117,1
DA:118,1
DA:119,1
DA:120,1
DA:121,1
end_of_record

SF:/home/lafhis/Desktop/tesis/ours/echidna/uniswap/libraries/LowGasSafeMath.sol
DA:6,0
DA:11,1
DA:12,1
end_of_record

SF:/home/lafhis/Desktop/tesis/ours/echidna/uniswap/libraries/SafeCast.sol
DA:6,0
DA:10,1
DA:11,1
end_of_record

SF:/home/lafhis/Desktop/tesis/ours/echidna/uniswap/libraries/SqrtPriceMath.sol
DA:13,0
DA:28,1
DA:33,1
DA:35,1
DA:36,1
DA:38,1
DA:39,1
DA:40,1
DA:41,1
DA:42,1
DA:44,1
DA:47,1
DA:49,1
DA:52,1
DA:53,1
DA:54,1
DA:68,1
DA:73,1
DA:76,1
DA:77,1
DA:79,1
DA:80,1
DA:81,1
DA:84,1
DA:86,1
DA:88,1
DA:89,1
DA:90,1
DA:93,1
DA:95,1
DA:106,1
DA:111,1
DA:112,1
DA:113,1
DA:116,1
DA:117,1
DA:118,1
DA:119,1
DA:129,1
DA:134,1
DA:135,1
DA:136,1
DA:139,1
DA:140,1
DA:141,1
DA:142,1
DA:153,1
DA:158,1
DA:159,1
DA:161,1
DA:162,1
DA:164,1
DA:166,1
DA:167,1
DA:168,1
DA:169,1
DA:170,1
DA:172,1
DA:182,1
DA:187,1
DA:188,1
DA:190,1
DA:191,1
DA:192,1
DA:193,1
end_of_record

SF:/home/lafhis/Desktop/tesis/ours/echidna/uniswap/libraries/SwapMath.sol
DA:9,0
DA:21,1
DA:31,1
DA:32,1
DA:33,1
DA:34,1
DA:37,1
DA:38,1
DA:40,1
DA:41,1
DA:42,1
DA:43,1
DA:44,1
DA:45,1
DA:47,1
DA:48,1
DA:49,1
DA:50,1
DA:51,1
DA:54,1
DA:55,1
DA:56,1
DA:57,1
DA:59,1
DA:60,1
DA:61,1
DA:62,1
DA:63,1
DA:67,1
DA:70,1
DA:71,1
DA:72,1
DA:73,1
DA:74,1
DA:75,1
DA:76,1
DA:78,1
DA:79,1
DA:80,1
DA:81,1
DA:82,1
DA:83,1
DA:87,1
DA:88,1
DA:91,1
DA:93,1
DA:95,1
end_of_record

SF:/home/lafhis/Desktop/tesis/ours/echidna/uniswap/libraries/UnsafeMath.sol
DA:6,0
DA:12,1
DA:13,1
DA:14,1
end_of_record

SF:/home/lafhis/Desktop/tesis/ours/echidna/uniswap/test/SwapMathEchidnaTest.sol
DA:6,1
DA:7,1
DA:14,1
DA:15,1
DA:16,1
DA:17,1
DA:19,1
DA:20,1
DA:22,1
DA:24,1
DA:25,1
DA:27,1
DA:30,1
DA:31,1
DA:32,1
DA:33,1
DA:34,1
DA:38,1
DA:39,1
DA:40,1
DA:44,1
DA:45,1
DA:46,1
DA:48,1
DA:49,1
end_of_record

